<?xml version="1.0" encoding="UTF-8"?>
<testsuite errors="0" failures="0" name="The scoreboard is the main piece of the application." tests="0" time="0.188000">
</testsuite>
